2019-10-20 20:50:31,220 [Worker-4: Loading available Gradle versions] INFO  o.e.b.c.i.u.g.PublishedGradleVersions - Gradle version information cache is up-to-date. Trying to read.
2019-10-20 20:53:12,195 [Worker-17: Building workspace] INFO  o.e.m.c.i.l.LifecycleMappingFactory - Using org.eclipse.m2e.jdt.JarLifecycleMapping lifecycle mapping for MavenProject: com.amelosbc:gerenciador-tarefas-security:0.0.1-SNAPSHOT @ C:\SoftwareDevelopment\Treina-WorkspacesEclipse2019-06\03-SpringTreinaweb\gerenciador-tarefas-security\pom.xml.
2019-10-20 20:53:14,266 [Worker-17: Building workspace] INFO  o.e.m.c.i.embedder.EclipseLogger - Using 'UTF-8' encoding to copy filtered resources.
2019-10-20 20:53:14,288 [Worker-17: Building workspace] INFO  o.e.m.c.i.embedder.EclipseLogger - Copying 1 resource
2019-10-20 20:53:14,311 [Worker-17: Building workspace] INFO  o.e.m.c.i.embedder.EclipseLogger - Copying 1 resource
2019-10-20 20:53:14,323 [Worker-17: Building workspace] INFO  o.e.m.c.i.embedder.EclipseLogger - Using 'UTF-8' encoding to copy filtered resources.
2019-10-20 20:53:14,323 [Worker-17: Building workspace] INFO  o.e.m.c.i.embedder.EclipseLogger - skip non existing resourceDirectory C:\SoftwareDevelopment\Treina-WorkspacesEclipse2019-06\03-SpringTreinaweb\gerenciador-tarefas-security\src\test\resources
2019-10-20 20:53:16,588 [Worker-5: Building workspace] INFO  o.e.m.c.i.embedder.EclipseLogger - Using 'UTF-8' encoding to copy filtered resources.
2019-10-20 20:53:16,593 [Worker-5: Building workspace] INFO  o.e.m.c.i.embedder.EclipseLogger - Copying 1 resource
2019-10-20 20:53:16,597 [Worker-5: Building workspace] INFO  o.e.m.c.i.embedder.EclipseLogger - Copying 1 resource
2019-10-20 20:53:16,606 [Worker-5: Building workspace] INFO  o.e.m.c.i.embedder.EclipseLogger - Using 'UTF-8' encoding to copy filtered resources.
2019-10-20 20:53:16,606 [Worker-5: Building workspace] INFO  o.e.m.c.i.embedder.EclipseLogger - skip non existing resourceDirectory C:\SoftwareDevelopment\Treina-WorkspacesEclipse2019-06\03-SpringTreinaweb\gerenciador-tarefas-security\src\test\resources
2019-10-20 20:54:00,554 [Worker-19: Launching New_configuration] INFO  o.e.m.i.launch.MavenLaunchDelegate - C:\SoftwareDevelopment\Treina-WorkspacesEclipse2019-06\03-SpringTreinaweb\gerenciador-tarefas-security
2019-10-20 20:54:00,556 [Worker-19: Launching New_configuration] INFO  o.e.m.i.launch.MavenLaunchDelegate -  mvn -B spring-boot:run
2019-10-20 20:56:19,531 [Worker-19: Building workspace] INFO  o.e.m.c.i.embedder.EclipseLogger - Using 'UTF-8' encoding to copy filtered resources.
2019-10-20 20:56:19,534 [Worker-19: Building workspace] INFO  o.e.m.c.i.embedder.EclipseLogger - Copying 1 resource
2019-10-20 20:56:19,546 [Worker-19: Building workspace] INFO  o.e.m.c.i.embedder.EclipseLogger - Copying 0 resource
2019-10-20 20:56:19,547 [Worker-19: Building workspace] INFO  o.e.m.c.i.embedder.EclipseLogger - Using 'UTF-8' encoding to copy filtered resources.
2019-10-20 20:56:19,548 [Worker-19: Building workspace] INFO  o.e.m.c.i.embedder.EclipseLogger - skip non existing resourceDirectory C:\SoftwareDevelopment\Treina-WorkspacesEclipse2019-06\03-SpringTreinaweb\gerenciador-tarefas-security\src\test\resources
2019-10-20 20:58:56,098 [Worker-9: Launching New_configuration] INFO  o.e.m.i.launch.MavenLaunchDelegate - C:\SoftwareDevelopment\Treina-WorkspacesEclipse2019-06\03-SpringTreinaweb\gerenciador-tarefas-security
2019-10-20 20:58:56,106 [Worker-9: Launching New_configuration] INFO  o.e.m.i.launch.MavenLaunchDelegate -  mvn -B spring-boot:run
2019-10-20 20:59:32,639 [Worker-5: Building workspace] INFO  o.e.m.c.i.embedder.EclipseLogger - Using 'UTF-8' encoding to copy filtered resources.
2019-10-20 20:59:32,648 [Worker-5: Building workspace] INFO  o.e.m.c.i.embedder.EclipseLogger - Copying 1 resource
2019-10-20 20:59:32,656 [Worker-5: Building workspace] INFO  o.e.m.c.i.embedder.EclipseLogger - Copying 0 resource
2019-10-20 20:59:32,664 [Worker-5: Building workspace] INFO  o.e.m.c.i.embedder.EclipseLogger - Using 'UTF-8' encoding to copy filtered resources.
2019-10-20 20:59:32,665 [Worker-5: Building workspace] INFO  o.e.m.c.i.embedder.EclipseLogger - skip non existing resourceDirectory C:\SoftwareDevelopment\Treina-WorkspacesEclipse2019-06\03-SpringTreinaweb\gerenciador-tarefas-security\src\test\resources
2019-10-20 20:59:49,542 [Worker-17: Launching New_configuration] INFO  o.e.m.i.launch.MavenLaunchDelegate - C:\SoftwareDevelopment\Treina-WorkspacesEclipse2019-06\03-SpringTreinaweb\gerenciador-tarefas-security
2019-10-20 20:59:49,542 [Worker-17: Launching New_configuration] INFO  o.e.m.i.launch.MavenLaunchDelegate -  mvn -B spring-boot:run
2019-10-20 21:00:32,128 [Worker-17: Building workspace] INFO  o.e.m.c.i.embedder.EclipseLogger - Using 'UTF-8' encoding to copy filtered resources.
2019-10-20 21:00:32,138 [Worker-17: Building workspace] INFO  o.e.m.c.i.embedder.EclipseLogger - Copying 1 resource
2019-10-20 21:00:32,148 [Worker-17: Building workspace] INFO  o.e.m.c.i.embedder.EclipseLogger - Copying 0 resource
2019-10-20 21:00:32,151 [Worker-17: Building workspace] INFO  o.e.m.c.i.embedder.EclipseLogger - Using 'UTF-8' encoding to copy filtered resources.
2019-10-20 21:00:32,155 [Worker-17: Building workspace] INFO  o.e.m.c.i.embedder.EclipseLogger - skip non existing resourceDirectory C:\SoftwareDevelopment\Treina-WorkspacesEclipse2019-06\03-SpringTreinaweb\gerenciador-tarefas-security\src\test\resources
2019-10-20 21:00:38,923 [Worker-9: Building workspace] INFO  o.e.m.c.i.embedder.EclipseLogger - Using 'UTF-8' encoding to copy filtered resources.
2019-10-20 21:00:38,924 [Worker-9: Building workspace] INFO  o.e.m.c.i.embedder.EclipseLogger - Copying 1 resource
2019-10-20 21:00:38,930 [Worker-9: Building workspace] INFO  o.e.m.c.i.embedder.EclipseLogger - Copying 0 resource
2019-10-20 21:00:38,940 [Worker-9: Building workspace] INFO  o.e.m.c.i.embedder.EclipseLogger - Using 'UTF-8' encoding to copy filtered resources.
2019-10-20 21:00:38,951 [Worker-9: Building workspace] INFO  o.e.m.c.i.embedder.EclipseLogger - skip non existing resourceDirectory C:\SoftwareDevelopment\Treina-WorkspacesEclipse2019-06\03-SpringTreinaweb\gerenciador-tarefas-security\src\test\resources
2019-10-20 21:00:41,063 [Worker-17: Building workspace] INFO  o.e.m.c.i.embedder.EclipseLogger - Using 'UTF-8' encoding to copy filtered resources.
2019-10-20 21:00:41,064 [Worker-17: Building workspace] INFO  o.e.m.c.i.embedder.EclipseLogger - Copying 1 resource
2019-10-20 21:00:41,077 [Worker-17: Building workspace] INFO  o.e.m.c.i.embedder.EclipseLogger - Copying 0 resource
2019-10-20 21:00:41,089 [Worker-17: Building workspace] INFO  o.e.m.c.i.embedder.EclipseLogger - Using 'UTF-8' encoding to copy filtered resources.
2019-10-20 21:00:41,095 [Worker-17: Building workspace] INFO  o.e.m.c.i.embedder.EclipseLogger - skip non existing resourceDirectory C:\SoftwareDevelopment\Treina-WorkspacesEclipse2019-06\03-SpringTreinaweb\gerenciador-tarefas-security\src\test\resources
2019-10-20 21:00:47,618 [Worker-9: Launching New_configuration] INFO  o.e.m.i.launch.MavenLaunchDelegate - C:\SoftwareDevelopment\Treina-WorkspacesEclipse2019-06\03-SpringTreinaweb\gerenciador-tarefas-security
2019-10-20 21:00:47,623 [Worker-9: Launching New_configuration] INFO  o.e.m.i.launch.MavenLaunchDelegate -  mvn -B spring-boot:run
2019-10-20 21:01:12,304 [Worker-20: Building workspace] INFO  o.e.m.c.i.embedder.EclipseLogger - Using 'UTF-8' encoding to copy filtered resources.
2019-10-20 21:01:12,310 [Worker-20: Building workspace] INFO  o.e.m.c.i.embedder.EclipseLogger - Copying 1 resource
2019-10-20 21:01:12,316 [Worker-20: Building workspace] INFO  o.e.m.c.i.embedder.EclipseLogger - Copying 0 resource
2019-10-20 21:01:12,324 [Worker-20: Building workspace] INFO  o.e.m.c.i.embedder.EclipseLogger - Using 'UTF-8' encoding to copy filtered resources.
2019-10-20 21:01:12,324 [Worker-20: Building workspace] INFO  o.e.m.c.i.embedder.EclipseLogger - skip non existing resourceDirectory C:\SoftwareDevelopment\Treina-WorkspacesEclipse2019-06\03-SpringTreinaweb\gerenciador-tarefas-security\src\test\resources
2019-10-20 21:01:14,368 [Worker-8: Launching New_configuration] INFO  o.e.m.i.launch.MavenLaunchDelegate - C:\SoftwareDevelopment\Treina-WorkspacesEclipse2019-06\03-SpringTreinaweb\gerenciador-tarefas-security
2019-10-20 21:01:14,368 [Worker-8: Launching New_configuration] INFO  o.e.m.i.launch.MavenLaunchDelegate -  mvn -B spring-boot:run
2019-10-20 21:01:52,738 [Worker-20: Building workspace] INFO  o.e.m.c.i.embedder.EclipseLogger - Using 'UTF-8' encoding to copy filtered resources.
2019-10-20 21:01:52,746 [Worker-20: Building workspace] INFO  o.e.m.c.i.embedder.EclipseLogger - Copying 1 resource
2019-10-20 21:01:52,755 [Worker-20: Building workspace] INFO  o.e.m.c.i.embedder.EclipseLogger - Copying 0 resource
2019-10-20 21:01:52,757 [Worker-20: Building workspace] INFO  o.e.m.c.i.embedder.EclipseLogger - Using 'UTF-8' encoding to copy filtered resources.
2019-10-20 21:01:52,762 [Worker-20: Building workspace] INFO  o.e.m.c.i.embedder.EclipseLogger - skip non existing resourceDirectory C:\SoftwareDevelopment\Treina-WorkspacesEclipse2019-06\03-SpringTreinaweb\gerenciador-tarefas-security\src\test\resources
2019-10-20 21:02:02,346 [Worker-20: Building workspace] INFO  o.e.m.c.i.embedder.EclipseLogger - Using 'UTF-8' encoding to copy filtered resources.
2019-10-20 21:02:02,346 [Worker-20: Building workspace] INFO  o.e.m.c.i.embedder.EclipseLogger - Copying 1 resource
2019-10-20 21:02:02,350 [Worker-20: Building workspace] INFO  o.e.m.c.i.embedder.EclipseLogger - Copying 0 resource
2019-10-20 21:02:02,362 [Worker-20: Building workspace] INFO  o.e.m.c.i.embedder.EclipseLogger - Using 'UTF-8' encoding to copy filtered resources.
2019-10-20 21:02:02,367 [Worker-20: Building workspace] INFO  o.e.m.c.i.embedder.EclipseLogger - skip non existing resourceDirectory C:\SoftwareDevelopment\Treina-WorkspacesEclipse2019-06\03-SpringTreinaweb\gerenciador-tarefas-security\src\test\resources
