2019-10-24 19:06:27,968 [Worker-6: Loading available Gradle versions] INFO  o.e.b.c.i.u.g.PublishedGradleVersions - Gradle version information cache is out-of-date. Trying to update.
2019-10-24 19:12:51,478 [Worker-13: Import Getting Started Content] INFO  o.e.m.c.i.l.LifecycleMappingFactory - Using org.eclipse.m2e.jdt.JarLifecycleMapping lifecycle mapping for MavenProject: com.amelosbc:calendarioEventosManagerApp:0.0.1-SNAPSHOT @ C:\SoftwareDevelopment\Treina-WorkspacesEclipse2019-06\05-SpringBoot-WebDiversos\CalendarioEventosManager\pom.xml.
2019-10-24 19:13:14,215 [Worker-13: Import Getting Started Content] INFO  o.e.m.j.i.AbstractJavaProjectConfigurator - Adding source folder /CalendarioEventosManager/src/main/java
2019-10-24 19:13:14,218 [Worker-13: Import Getting Started Content] INFO  o.e.m.j.i.AbstractJavaProjectConfigurator - Adding resource folder /CalendarioEventosManager/src/main/resources
2019-10-24 19:13:14,261 [Worker-13: Import Getting Started Content] INFO  o.e.m.j.i.AbstractJavaProjectConfigurator - Adding resource folder /CalendarioEventosManager/src/main/resources
2019-10-24 19:13:14,322 [Worker-13: Import Getting Started Content] INFO  o.e.m.j.i.AbstractJavaProjectConfigurator - Adding source folder /CalendarioEventosManager/src/test/java
2019-10-24 19:13:23,131 [Worker-13: Import Getting Started Content] INFO  o.e.m.c.i.p.ProjectConfigurationManager - Imported and configured 1 project(s) in 73 sec
2019-10-24 19:13:23,133 [Worker-13: Import Getting Started Content] INFO  o.e.m.c.i.p.ProjectConfigurationManager - Update started
2019-10-24 19:13:24,711 [Worker-13: Import Getting Started Content] INFO  o.e.m.c.i.l.LifecycleMappingFactory - Using org.eclipse.m2e.jdt.JarLifecycleMapping lifecycle mapping for MavenProject: com.amelosbc:calendarioEventosManagerApp:0.0.1-SNAPSHOT @ C:\SoftwareDevelopment\Treina-WorkspacesEclipse2019-06\05-SpringBoot-WebDiversos\CalendarioEventosManager\pom.xml.
2019-10-24 19:13:27,200 [Worker-13: Import Getting Started Content] INFO  o.e.m.j.i.AbstractJavaProjectConfigurator - Adding source folder /CalendarioEventosManager/src/main/java
2019-10-24 19:13:27,201 [Worker-13: Import Getting Started Content] INFO  o.e.m.j.i.AbstractJavaProjectConfigurator - Adding resource folder /CalendarioEventosManager/src/main/resources
2019-10-24 19:13:27,202 [Worker-13: Import Getting Started Content] INFO  o.e.m.j.i.AbstractJavaProjectConfigurator - Adding resource folder /CalendarioEventosManager/src/main/resources
2019-10-24 19:13:27,205 [Worker-13: Import Getting Started Content] INFO  o.e.m.j.i.AbstractJavaProjectConfigurator - Adding source folder /CalendarioEventosManager/src/test/java
2019-10-24 19:13:28,643 [Worker-13: Import Getting Started Content] INFO  o.e.m.c.i.p.ProjectConfigurationManager - Update completed: 5 sec
2019-10-24 19:13:35,020 [Worker-6: Building workspace] INFO  o.e.m.c.i.embedder.EclipseLogger - Using 'UTF-8' encoding to copy filtered resources.
2019-10-24 19:13:35,051 [Worker-6: Building workspace] INFO  o.e.m.c.i.embedder.EclipseLogger - Copying 1 resource
2019-10-24 19:13:35,127 [Worker-6: Building workspace] INFO  o.e.m.c.i.embedder.EclipseLogger - Copying 0 resource
2019-10-24 19:13:35,131 [Worker-6: Building workspace] INFO  o.e.m.c.i.embedder.EclipseLogger - Using 'UTF-8' encoding to copy filtered resources.
2019-10-24 19:13:35,131 [Worker-6: Building workspace] INFO  o.e.m.c.i.embedder.EclipseLogger - skip non existing resourceDirectory C:\SoftwareDevelopment\Treina-WorkspacesEclipse2019-06\05-SpringBoot-WebDiversos\CalendarioEventosManager\src\test\resources
2019-10-24 19:15:07,647 [Worker-16: Building workspace] INFO  o.e.m.c.i.embedder.EclipseLogger - Using 'UTF-8' encoding to copy filtered resources.
2019-10-24 19:15:07,659 [Worker-16: Building workspace] INFO  o.e.m.c.i.embedder.EclipseLogger - Copying 0 resource
2019-10-24 19:15:07,667 [Worker-16: Building workspace] INFO  o.e.m.c.i.embedder.EclipseLogger - Copying 1 resource
2019-10-24 19:15:07,686 [Worker-16: Building workspace] INFO  o.e.m.c.i.embedder.EclipseLogger - Using 'UTF-8' encoding to copy filtered resources.
2019-10-24 19:15:07,686 [Worker-16: Building workspace] INFO  o.e.m.c.i.embedder.EclipseLogger - skip non existing resourceDirectory C:\SoftwareDevelopment\Treina-WorkspacesEclipse2019-06\05-SpringBoot-WebDiversos\CalendarioEventosManager\src\test\resources
2019-10-24 19:15:22,922 [Worker-15: Building workspace] INFO  o.e.m.c.i.embedder.EclipseLogger - Using 'UTF-8' encoding to copy filtered resources.
2019-10-24 19:15:22,944 [Worker-15: Building workspace] INFO  o.e.m.c.i.embedder.EclipseLogger - Copying 1 resource
2019-10-24 19:15:22,949 [Worker-15: Building workspace] INFO  o.e.m.c.i.embedder.EclipseLogger - Copying 1 resource
2019-10-24 19:15:22,952 [Worker-15: Building workspace] INFO  o.e.m.c.i.embedder.EclipseLogger - Using 'UTF-8' encoding to copy filtered resources.
2019-10-24 19:15:22,952 [Worker-15: Building workspace] INFO  o.e.m.c.i.embedder.EclipseLogger - skip non existing resourceDirectory C:\SoftwareDevelopment\Treina-WorkspacesEclipse2019-06\05-SpringBoot-WebDiversos\CalendarioEventosManager\src\test\resources
2019-10-24 19:15:42,954 [Worker-17: Building workspace] INFO  o.e.m.c.i.embedder.EclipseLogger - Using 'UTF-8' encoding to copy filtered resources.
2019-10-24 19:15:42,956 [Worker-17: Building workspace] INFO  o.e.m.c.i.embedder.EclipseLogger - Copying 1 resource
2019-10-24 19:15:42,958 [Worker-17: Building workspace] INFO  o.e.m.c.i.embedder.EclipseLogger - Copying 1 resource
2019-10-24 19:15:43,006 [Worker-17: Building workspace] INFO  o.e.m.c.i.embedder.EclipseLogger - Using 'UTF-8' encoding to copy filtered resources.
2019-10-24 19:15:43,006 [Worker-17: Building workspace] INFO  o.e.m.c.i.embedder.EclipseLogger - skip non existing resourceDirectory C:\SoftwareDevelopment\Treina-WorkspacesEclipse2019-06\05-SpringBoot-WebDiversos\CalendarioEventosManager\src\test\resources
2019-10-24 19:16:01,810 [Worker-13: Building workspace] INFO  o.e.m.c.i.embedder.EclipseLogger - Using 'UTF-8' encoding to copy filtered resources.
2019-10-24 19:16:01,812 [Worker-13: Building workspace] INFO  o.e.m.c.i.embedder.EclipseLogger - Copying 1 resource
2019-10-24 19:16:01,893 [Worker-13: Building workspace] INFO  o.e.m.c.i.embedder.EclipseLogger - Copying 1 resource
2019-10-24 19:16:01,908 [Worker-13: Building workspace] INFO  o.e.m.c.i.embedder.EclipseLogger - Using 'UTF-8' encoding to copy filtered resources.
2019-10-24 19:16:01,920 [Worker-13: Building workspace] INFO  o.e.m.c.i.embedder.EclipseLogger - skip non existing resourceDirectory C:\SoftwareDevelopment\Treina-WorkspacesEclipse2019-06\05-SpringBoot-WebDiversos\CalendarioEventosManager\src\test\resources
2019-10-24 19:16:09,749 [Worker-13: Building workspace] INFO  o.e.m.c.i.embedder.EclipseLogger - Using 'UTF-8' encoding to copy filtered resources.
2019-10-24 19:16:09,775 [Worker-13: Building workspace] INFO  o.e.m.c.i.embedder.EclipseLogger - Copying 1 resource
2019-10-24 19:16:09,795 [Worker-13: Building workspace] INFO  o.e.m.c.i.embedder.EclipseLogger - Copying 1 resource
2019-10-24 19:16:09,818 [Worker-13: Building workspace] INFO  o.e.m.c.i.embedder.EclipseLogger - Using 'UTF-8' encoding to copy filtered resources.
2019-10-24 19:16:09,818 [Worker-13: Building workspace] INFO  o.e.m.c.i.embedder.EclipseLogger - skip non existing resourceDirectory C:\SoftwareDevelopment\Treina-WorkspacesEclipse2019-06\05-SpringBoot-WebDiversos\CalendarioEventosManager\src\test\resources
2019-10-24 19:17:42,143 [Worker-17: Building workspace] INFO  o.e.m.c.i.embedder.EclipseLogger - Using 'UTF-8' encoding to copy filtered resources.
2019-10-24 19:17:42,146 [Worker-17: Building workspace] INFO  o.e.m.c.i.embedder.EclipseLogger - Copying 1 resource
2019-10-24 19:17:42,148 [Worker-17: Building workspace] INFO  o.e.m.c.i.embedder.EclipseLogger - Copying 1 resource
2019-10-24 19:17:42,172 [Worker-17: Building workspace] INFO  o.e.m.c.i.embedder.EclipseLogger - Using 'UTF-8' encoding to copy filtered resources.
2019-10-24 19:17:42,222 [Worker-17: Building workspace] INFO  o.e.m.c.i.embedder.EclipseLogger - skip non existing resourceDirectory C:\SoftwareDevelopment\Treina-WorkspacesEclipse2019-06\05-SpringBoot-WebDiversos\CalendarioEventosManager\src\test\resources
2019-10-24 19:18:30,698 [Worker-1: Building workspace] INFO  o.e.m.c.i.embedder.EclipseLogger - Using 'UTF-8' encoding to copy filtered resources.
2019-10-24 19:18:30,708 [Worker-1: Building workspace] INFO  o.e.m.c.i.embedder.EclipseLogger - Copying 1 resource
2019-10-24 19:18:30,720 [Worker-1: Building workspace] INFO  o.e.m.c.i.embedder.EclipseLogger - Copying 1 resource
2019-10-24 19:18:30,735 [Worker-1: Building workspace] INFO  o.e.m.c.i.embedder.EclipseLogger - Using 'UTF-8' encoding to copy filtered resources.
2019-10-24 19:18:30,735 [Worker-1: Building workspace] INFO  o.e.m.c.i.embedder.EclipseLogger - skip non existing resourceDirectory C:\SoftwareDevelopment\Treina-WorkspacesEclipse2019-06\05-SpringBoot-WebDiversos\CalendarioEventosManager\src\test\resources
2019-10-24 19:19:07,346 [Worker-8: Building workspace] INFO  o.e.m.c.i.embedder.EclipseLogger - Using 'UTF-8' encoding to copy filtered resources.
2019-10-24 19:19:07,348 [Worker-8: Building workspace] INFO  o.e.m.c.i.embedder.EclipseLogger - Copying 1 resource
2019-10-24 19:19:07,359 [Worker-8: Building workspace] INFO  o.e.m.c.i.embedder.EclipseLogger - Copying 1 resource
2019-10-24 19:19:07,369 [Worker-8: Building workspace] INFO  o.e.m.c.i.embedder.EclipseLogger - Using 'UTF-8' encoding to copy filtered resources.
2019-10-24 19:19:07,378 [Worker-8: Building workspace] INFO  o.e.m.c.i.embedder.EclipseLogger - skip non existing resourceDirectory C:\SoftwareDevelopment\Treina-WorkspacesEclipse2019-06\05-SpringBoot-WebDiversos\CalendarioEventosManager\src\test\resources
2019-10-24 19:19:24,295 [Worker-15: Building workspace] INFO  o.e.m.c.i.embedder.EclipseLogger - Using 'UTF-8' encoding to copy filtered resources.
2019-10-24 19:19:24,315 [Worker-15: Building workspace] INFO  o.e.m.c.i.embedder.EclipseLogger - Copying 1 resource
2019-10-24 19:19:24,339 [Worker-15: Building workspace] INFO  o.e.m.c.i.embedder.EclipseLogger - Copying 1 resource
2019-10-24 19:19:24,385 [Worker-15: Building workspace] INFO  o.e.m.c.i.embedder.EclipseLogger - Using 'UTF-8' encoding to copy filtered resources.
2019-10-24 19:19:24,385 [Worker-15: Building workspace] INFO  o.e.m.c.i.embedder.EclipseLogger - skip non existing resourceDirectory C:\SoftwareDevelopment\Treina-WorkspacesEclipse2019-06\05-SpringBoot-WebDiversos\CalendarioEventosManager\src\test\resources
2019-10-24 19:20:05,473 [Worker-14: Building workspace] INFO  o.e.m.c.i.embedder.EclipseLogger - Using 'UTF-8' encoding to copy filtered resources.
2019-10-24 19:20:05,474 [Worker-14: Building workspace] INFO  o.e.m.c.i.embedder.EclipseLogger - Copying 1 resource
2019-10-24 19:20:05,478 [Worker-14: Building workspace] INFO  o.e.m.c.i.embedder.EclipseLogger - Copying 1 resource
2019-10-24 19:20:05,480 [Worker-14: Building workspace] INFO  o.e.m.c.i.embedder.EclipseLogger - Using 'UTF-8' encoding to copy filtered resources.
2019-10-24 19:20:05,481 [Worker-14: Building workspace] INFO  o.e.m.c.i.embedder.EclipseLogger - skip non existing resourceDirectory C:\SoftwareDevelopment\Treina-WorkspacesEclipse2019-06\05-SpringBoot-WebDiversos\CalendarioEventosManager\src\test\resources
2019-10-24 19:20:53,189 [Worker-6: Building workspace] INFO  o.e.m.c.i.embedder.EclipseLogger - Using 'UTF-8' encoding to copy filtered resources.
2019-10-24 19:20:53,190 [Worker-6: Building workspace] INFO  o.e.m.c.i.embedder.EclipseLogger - Copying 0 resource
2019-10-24 19:20:53,190 [Worker-6: Building workspace] INFO  o.e.m.c.i.embedder.EclipseLogger - Copying 1 resource
2019-10-24 19:20:53,212 [Worker-6: Building workspace] INFO  o.e.m.c.i.embedder.EclipseLogger - Using 'UTF-8' encoding to copy filtered resources.
2019-10-24 19:20:53,212 [Worker-6: Building workspace] INFO  o.e.m.c.i.embedder.EclipseLogger - skip non existing resourceDirectory C:\SoftwareDevelopment\Treina-WorkspacesEclipse2019-06\05-SpringBoot-WebDiversos\CalendarioEventosManager\src\test\resources
2019-10-24 19:21:21,936 [Worker-1: Building workspace] INFO  o.e.m.c.i.embedder.EclipseLogger - Using 'UTF-8' encoding to copy filtered resources.
2019-10-24 19:21:21,938 [Worker-1: Building workspace] INFO  o.e.m.c.i.embedder.EclipseLogger - Copying 1 resource
2019-10-24 19:21:21,958 [Worker-1: Building workspace] INFO  o.e.m.c.i.embedder.EclipseLogger - Copying 1 resource
2019-10-24 19:21:21,974 [Worker-1: Building workspace] INFO  o.e.m.c.i.embedder.EclipseLogger - Using 'UTF-8' encoding to copy filtered resources.
2019-10-24 19:21:21,996 [Worker-1: Building workspace] INFO  o.e.m.c.i.embedder.EclipseLogger - skip non existing resourceDirectory C:\SoftwareDevelopment\Treina-WorkspacesEclipse2019-06\05-SpringBoot-WebDiversos\CalendarioEventosManager\src\test\resources
2019-10-24 19:21:28,388 [Worker-1: Building workspace] INFO  o.e.m.c.i.embedder.EclipseLogger - Using 'UTF-8' encoding to copy filtered resources.
2019-10-24 19:21:28,394 [Worker-1: Building workspace] INFO  o.e.m.c.i.embedder.EclipseLogger - Copying 1 resource
2019-10-24 19:21:28,404 [Worker-1: Building workspace] INFO  o.e.m.c.i.embedder.EclipseLogger - Copying 1 resource
2019-10-24 19:21:28,410 [Worker-1: Building workspace] INFO  o.e.m.c.i.embedder.EclipseLogger - Using 'UTF-8' encoding to copy filtered resources.
2019-10-24 19:21:28,411 [Worker-1: Building workspace] INFO  o.e.m.c.i.embedder.EclipseLogger - skip non existing resourceDirectory C:\SoftwareDevelopment\Treina-WorkspacesEclipse2019-06\05-SpringBoot-WebDiversos\CalendarioEventosManager\src\test\resources
2019-10-24 19:21:34,251 [Worker-15: Building workspace] INFO  o.e.m.c.i.embedder.EclipseLogger - Using 'UTF-8' encoding to copy filtered resources.
2019-10-24 19:21:34,252 [Worker-15: Building workspace] INFO  o.e.m.c.i.embedder.EclipseLogger - Copying 1 resource
2019-10-24 19:21:34,255 [Worker-15: Building workspace] INFO  o.e.m.c.i.embedder.EclipseLogger - Copying 1 resource
2019-10-24 19:21:34,258 [Worker-15: Building workspace] INFO  o.e.m.c.i.embedder.EclipseLogger - Using 'UTF-8' encoding to copy filtered resources.
2019-10-24 19:21:34,265 [Worker-15: Building workspace] INFO  o.e.m.c.i.embedder.EclipseLogger - skip non existing resourceDirectory C:\SoftwareDevelopment\Treina-WorkspacesEclipse2019-06\05-SpringBoot-WebDiversos\CalendarioEventosManager\src\test\resources
2019-10-24 19:22:09,689 [Worker-15: Building workspace] INFO  o.e.m.c.i.embedder.EclipseLogger - Using 'UTF-8' encoding to copy filtered resources.
2019-10-24 19:22:09,768 [Worker-15: Building workspace] INFO  o.e.m.c.i.embedder.EclipseLogger - Copying 0 resource
2019-10-24 19:22:09,789 [Worker-15: Building workspace] INFO  o.e.m.c.i.embedder.EclipseLogger - Copying 0 resource
2019-10-24 19:22:09,814 [Worker-15: Building workspace] INFO  o.e.m.c.i.embedder.EclipseLogger - Using 'UTF-8' encoding to copy filtered resources.
2019-10-24 19:22:09,815 [Worker-15: Building workspace] INFO  o.e.m.c.i.embedder.EclipseLogger - skip non existing resourceDirectory C:\SoftwareDevelopment\Treina-WorkspacesEclipse2019-06\05-SpringBoot-WebDiversos\CalendarioEventosManager\src\test\resources
2019-10-24 19:22:28,834 [Worker-1: Building workspace] INFO  o.e.m.c.i.embedder.EclipseLogger - Using 'UTF-8' encoding to copy filtered resources.
2019-10-24 19:22:28,834 [Worker-1: Building workspace] INFO  o.e.m.c.i.embedder.EclipseLogger - Copying 0 resource
2019-10-24 19:22:28,839 [Worker-1: Building workspace] INFO  o.e.m.c.i.embedder.EclipseLogger - Copying 1 resource
2019-10-24 19:22:28,852 [Worker-1: Building workspace] INFO  o.e.m.c.i.embedder.EclipseLogger - Using 'UTF-8' encoding to copy filtered resources.
2019-10-24 19:22:28,860 [Worker-1: Building workspace] INFO  o.e.m.c.i.embedder.EclipseLogger - skip non existing resourceDirectory C:\SoftwareDevelopment\Treina-WorkspacesEclipse2019-06\05-SpringBoot-WebDiversos\CalendarioEventosManager\src\test\resources
2019-10-24 19:28:10,819 [Worker-13: Building workspace] INFO  o.e.m.c.i.embedder.EclipseLogger - Using 'UTF-8' encoding to copy filtered resources.
2019-10-24 19:28:10,827 [Worker-13: Building workspace] INFO  o.e.m.c.i.embedder.EclipseLogger - Copying 0 resource
2019-10-24 19:28:10,833 [Worker-13: Building workspace] INFO  o.e.m.c.i.embedder.EclipseLogger - Copying 1 resource
2019-10-24 19:28:10,850 [Worker-13: Building workspace] INFO  o.e.m.c.i.embedder.EclipseLogger - Using 'UTF-8' encoding to copy filtered resources.
2019-10-24 19:28:10,850 [Worker-13: Building workspace] INFO  o.e.m.c.i.embedder.EclipseLogger - skip non existing resourceDirectory C:\SoftwareDevelopment\Treina-WorkspacesEclipse2019-06\05-SpringBoot-WebDiversos\CalendarioEventosManager\src\test\resources
2019-10-24 19:28:14,678 [Worker-18: Building workspace] INFO  o.e.m.c.i.embedder.EclipseLogger - Using 'UTF-8' encoding to copy filtered resources.
2019-10-24 19:28:14,680 [Worker-18: Building workspace] INFO  o.e.m.c.i.embedder.EclipseLogger - Copying 1 resource
2019-10-24 19:28:14,682 [Worker-18: Building workspace] INFO  o.e.m.c.i.embedder.EclipseLogger - Copying 2 resources
2019-10-24 19:28:14,684 [Worker-18: Building workspace] INFO  o.e.m.c.i.embedder.EclipseLogger - Using 'UTF-8' encoding to copy filtered resources.
2019-10-24 19:28:14,684 [Worker-18: Building workspace] INFO  o.e.m.c.i.embedder.EclipseLogger - skip non existing resourceDirectory C:\SoftwareDevelopment\Treina-WorkspacesEclipse2019-06\05-SpringBoot-WebDiversos\CalendarioEventosManager\src\test\resources
2019-10-24 19:32:42,312 [Worker-19: Building workspace] INFO  o.e.m.c.i.embedder.EclipseLogger - Using 'UTF-8' encoding to copy filtered resources.
2019-10-24 19:32:42,314 [Worker-19: Building workspace] INFO  o.e.m.c.i.embedder.EclipseLogger - Copying 1 resource
2019-10-24 19:32:42,320 [Worker-19: Building workspace] INFO  o.e.m.c.i.embedder.EclipseLogger - Copying 2 resources
2019-10-24 19:32:42,334 [Worker-19: Building workspace] INFO  o.e.m.c.i.embedder.EclipseLogger - Using 'UTF-8' encoding to copy filtered resources.
2019-10-24 19:32:42,335 [Worker-19: Building workspace] INFO  o.e.m.c.i.embedder.EclipseLogger - skip non existing resourceDirectory C:\SoftwareDevelopment\Treina-WorkspacesEclipse2019-06\05-SpringBoot-WebDiversos\CalendarioEventosManager\src\test\resources
2019-10-24 19:33:18,432 [Worker-13: Building workspace] INFO  o.e.m.c.i.embedder.EclipseLogger - Using 'UTF-8' encoding to copy filtered resources.
2019-10-24 19:33:18,433 [Worker-13: Building workspace] INFO  o.e.m.c.i.embedder.EclipseLogger - Copying 0 resource
2019-10-24 19:33:18,439 [Worker-13: Building workspace] INFO  o.e.m.c.i.embedder.EclipseLogger - Copying 1 resource
2019-10-24 19:33:18,450 [Worker-13: Building workspace] INFO  o.e.m.c.i.embedder.EclipseLogger - Using 'UTF-8' encoding to copy filtered resources.
2019-10-24 19:33:18,456 [Worker-13: Building workspace] INFO  o.e.m.c.i.embedder.EclipseLogger - skip non existing resourceDirectory C:\SoftwareDevelopment\Treina-WorkspacesEclipse2019-06\05-SpringBoot-WebDiversos\CalendarioEventosManager\src\test\resources
2019-10-24 19:35:21,385 [Worker-19: Building workspace] INFO  o.e.m.c.i.embedder.EclipseLogger - Using 'UTF-8' encoding to copy filtered resources.
2019-10-24 19:35:21,394 [Worker-19: Building workspace] INFO  o.e.m.c.i.embedder.EclipseLogger - Copying 0 resource
2019-10-24 19:35:21,402 [Worker-19: Building workspace] INFO  o.e.m.c.i.embedder.EclipseLogger - Copying 1 resource
2019-10-24 19:35:21,415 [Worker-19: Building workspace] INFO  o.e.m.c.i.embedder.EclipseLogger - Using 'UTF-8' encoding to copy filtered resources.
2019-10-24 19:35:21,415 [Worker-19: Building workspace] INFO  o.e.m.c.i.embedder.EclipseLogger - skip non existing resourceDirectory C:\SoftwareDevelopment\Treina-WorkspacesEclipse2019-06\05-SpringBoot-WebDiversos\CalendarioEventosManager\src\test\resources
2019-10-24 19:37:25,694 [Worker-13: Building workspace] INFO  o.e.m.c.i.l.LifecycleMappingFactory - Using org.eclipse.m2e.jdt.JarLifecycleMapping lifecycle mapping for MavenProject: com.amelosbc:calendarioEventosManagerApp:0.0.1-SNAPSHOT @ C:\SoftwareDevelopment\Treina-WorkspacesEclipse2019-06\05-SpringBoot-WebDiversos\CalendarioEventosManager\pom.xml.
2019-10-24 19:37:36,001 [Worker-13: Building workspace] INFO  o.e.m.c.i.embedder.EclipseLogger - Using 'UTF-8' encoding to copy filtered resources.
2019-10-24 19:37:36,009 [Worker-13: Building workspace] INFO  o.e.m.c.i.embedder.EclipseLogger - Copying 0 resource
2019-10-24 19:37:36,010 [Worker-13: Building workspace] INFO  o.e.m.c.i.embedder.EclipseLogger - Copying 0 resource
2019-10-24 19:37:36,041 [Worker-13: Building workspace] INFO  o.e.m.c.i.embedder.EclipseLogger - Using 'UTF-8' encoding to copy filtered resources.
2019-10-24 19:37:36,041 [Worker-13: Building workspace] INFO  o.e.m.c.i.embedder.EclipseLogger - skip non existing resourceDirectory C:\SoftwareDevelopment\Treina-WorkspacesEclipse2019-06\05-SpringBoot-WebDiversos\CalendarioEventosManager\src\test\resources
2019-10-24 19:37:38,056 [Worker-13: Building workspace] INFO  o.e.m.c.i.embedder.EclipseLogger - Using 'UTF-8' encoding to copy filtered resources.
2019-10-24 19:37:38,058 [Worker-13: Building workspace] INFO  o.e.m.c.i.embedder.EclipseLogger - Copying 1 resource
2019-10-24 19:37:38,090 [Worker-13: Building workspace] INFO  o.e.m.c.i.embedder.EclipseLogger - Copying 2 resources
2019-10-24 19:37:38,137 [Worker-13: Building workspace] INFO  o.e.m.c.i.embedder.EclipseLogger - Using 'UTF-8' encoding to copy filtered resources.
2019-10-24 19:37:38,161 [Worker-13: Building workspace] INFO  o.e.m.c.i.embedder.EclipseLogger - skip non existing resourceDirectory C:\SoftwareDevelopment\Treina-WorkspacesEclipse2019-06\05-SpringBoot-WebDiversos\CalendarioEventosManager\src\test\resources
2019-10-24 19:39:55,077 [Worker-22: Building workspace] INFO  o.e.m.c.i.embedder.EclipseLogger - Using 'UTF-8' encoding to copy filtered resources.
2019-10-24 19:39:55,090 [Worker-22: Building workspace] INFO  o.e.m.c.i.embedder.EclipseLogger - Copying 1 resource
2019-10-24 19:39:55,103 [Worker-22: Building workspace] INFO  o.e.m.c.i.embedder.EclipseLogger - Copying 2 resources
2019-10-24 19:39:55,112 [Worker-22: Building workspace] INFO  o.e.m.c.i.embedder.EclipseLogger - Using 'UTF-8' encoding to copy filtered resources.
2019-10-24 19:39:55,112 [Worker-22: Building workspace] INFO  o.e.m.c.i.embedder.EclipseLogger - skip non existing resourceDirectory C:\SoftwareDevelopment\Treina-WorkspacesEclipse2019-06\05-SpringBoot-WebDiversos\CalendarioEventosManager\src\test\resources
2019-10-24 19:43:56,477 [Worker-13: Building workspace] INFO  o.e.m.c.i.embedder.EclipseLogger - Using 'UTF-8' encoding to copy filtered resources.
2019-10-24 19:43:56,479 [Worker-13: Building workspace] INFO  o.e.m.c.i.embedder.EclipseLogger - Copying 1 resource
2019-10-24 19:43:56,481 [Worker-13: Building workspace] INFO  o.e.m.c.i.embedder.EclipseLogger - Copying 2 resources
2019-10-24 19:43:56,484 [Worker-13: Building workspace] INFO  o.e.m.c.i.embedder.EclipseLogger - Using 'UTF-8' encoding to copy filtered resources.
2019-10-24 19:43:56,492 [Worker-13: Building workspace] INFO  o.e.m.c.i.embedder.EclipseLogger - skip non existing resourceDirectory C:\SoftwareDevelopment\Treina-WorkspacesEclipse2019-06\05-SpringBoot-WebDiversos\CalendarioEventosManager\src\test\resources
2019-10-24 19:49:44,527 [Worker-23: Building workspace] INFO  o.e.m.c.i.embedder.EclipseLogger - Using 'UTF-8' encoding to copy filtered resources.
2019-10-24 19:49:44,537 [Worker-23: Building workspace] INFO  o.e.m.c.i.embedder.EclipseLogger - Copying 1 resource
2019-10-24 19:49:44,548 [Worker-23: Building workspace] INFO  o.e.m.c.i.embedder.EclipseLogger - Copying 2 resources
2019-10-24 19:49:44,560 [Worker-23: Building workspace] INFO  o.e.m.c.i.embedder.EclipseLogger - Using 'UTF-8' encoding to copy filtered resources.
2019-10-24 19:49:44,560 [Worker-23: Building workspace] INFO  o.e.m.c.i.embedder.EclipseLogger - skip non existing resourceDirectory C:\SoftwareDevelopment\Treina-WorkspacesEclipse2019-06\05-SpringBoot-WebDiversos\CalendarioEventosManager\src\test\resources
2019-10-24 20:04:03,815 [Worker-14: Building workspace] INFO  o.e.m.c.i.embedder.EclipseLogger - Using 'UTF-8' encoding to copy filtered resources.
2019-10-24 20:04:03,816 [Worker-14: Building workspace] INFO  o.e.m.c.i.embedder.EclipseLogger - Copying 1 resource
2019-10-24 20:04:03,839 [Worker-14: Building workspace] INFO  o.e.m.c.i.embedder.EclipseLogger - Copying 2 resources
2019-10-24 20:04:03,846 [Worker-14: Building workspace] INFO  o.e.m.c.i.embedder.EclipseLogger - Using 'UTF-8' encoding to copy filtered resources.
2019-10-24 20:04:03,851 [Worker-14: Building workspace] INFO  o.e.m.c.i.embedder.EclipseLogger - skip non existing resourceDirectory C:\SoftwareDevelopment\Treina-WorkspacesEclipse2019-06\05-SpringBoot-WebDiversos\CalendarioEventosManager\src\test\resources
2019-10-24 20:04:15,522 [Worker-27: Building workspace] INFO  o.e.m.c.i.embedder.EclipseLogger - Using 'UTF-8' encoding to copy filtered resources.
2019-10-24 20:04:15,531 [Worker-27: Building workspace] INFO  o.e.m.c.i.embedder.EclipseLogger - Copying 1 resource
2019-10-24 20:04:15,540 [Worker-27: Building workspace] INFO  o.e.m.c.i.embedder.EclipseLogger - Copying 2 resources
2019-10-24 20:04:15,552 [Worker-27: Building workspace] INFO  o.e.m.c.i.embedder.EclipseLogger - Using 'UTF-8' encoding to copy filtered resources.
2019-10-24 20:04:15,576 [Worker-27: Building workspace] INFO  o.e.m.c.i.embedder.EclipseLogger - skip non existing resourceDirectory C:\SoftwareDevelopment\Treina-WorkspacesEclipse2019-06\05-SpringBoot-WebDiversos\CalendarioEventosManager\src\test\resources
2019-10-24 22:19:14,637 [Worker-26: Importing Maven projects] INFO  o.e.m.c.i.l.LifecycleMappingFactory - Using org.eclipse.m2e.jdt.JarLifecycleMapping lifecycle mapping for MavenProject: com.amelosbc:gerenciador-tarefas-security:0.0.1-SNAPSHOT @ C:\SoftwareDevelopment\Treina-WorkspacesEclipse2019-06\03-SpringTreinaweb\gerenciador-tarefas-security\pom.xml.
2019-10-24 22:19:27,702 [Worker-26: Importing Maven projects] INFO  o.e.m.j.i.AbstractJavaProjectConfigurator - Adding source folder /gerenciador-tarefas-security/src/main/java
2019-10-24 22:19:27,702 [Worker-26: Importing Maven projects] INFO  o.e.m.j.i.AbstractJavaProjectConfigurator - Adding resource folder /gerenciador-tarefas-security/src/main/resources
2019-10-24 22:19:27,703 [Worker-26: Importing Maven projects] INFO  o.e.m.j.i.AbstractJavaProjectConfigurator - Adding resource folder /gerenciador-tarefas-security/src/main/resources
2019-10-24 22:19:27,705 [Worker-26: Importing Maven projects] INFO  o.e.m.j.i.AbstractJavaProjectConfigurator - Adding source folder /gerenciador-tarefas-security/src/test/java
2019-10-24 22:19:28,068 [Worker-26: Importing Maven projects] INFO  o.e.m.c.i.p.ProjectConfigurationManager - Imported and configured 1 project(s) in 29 sec
2019-10-24 22:19:38,206 [Worker-31: Building workspace] INFO  o.e.m.c.i.embedder.EclipseLogger - Using 'UTF-8' encoding to copy filtered resources.
2019-10-24 22:19:38,206 [Worker-31: Building workspace] INFO  o.e.m.c.i.embedder.EclipseLogger - Copying 1 resource
2019-10-24 22:19:38,234 [Worker-31: Building workspace] INFO  o.e.m.c.i.embedder.EclipseLogger - Copying 1 resource
2019-10-24 22:19:38,306 [Worker-31: Building workspace] INFO  o.e.m.c.i.embedder.EclipseLogger - Using 'UTF-8' encoding to copy filtered resources.
2019-10-24 22:19:38,316 [Worker-31: Building workspace] INFO  o.e.m.c.i.embedder.EclipseLogger - skip non existing resourceDirectory C:\SoftwareDevelopment\Treina-WorkspacesEclipse2019-06\03-SpringTreinaweb\gerenciador-tarefas-security\src\test\resources
2019-10-24 22:21:44,466 [Worker-44: Importing Maven projects] INFO  o.e.m.c.i.l.LifecycleMappingFactory - Using org.eclipse.m2e.jdt.JarLifecycleMapping lifecycle mapping for MavenProject: com.amelosbc:comercial-api:0.0.1-SNAPSHOT @ C:\SoftwareDevelopment\Treina-WorkspacesEclipse2019-06\01-AngularSpringAlgaWorks\comercial-api\pom.xml.
2019-10-24 22:21:57,465 [Worker-44: Importing Maven projects] INFO  o.e.m.j.i.AbstractJavaProjectConfigurator - Adding source folder /comercial-api/src/main/java
2019-10-24 22:21:57,493 [Worker-44: Importing Maven projects] INFO  o.e.m.j.i.AbstractJavaProjectConfigurator - Adding resource folder /comercial-api/src/main/resources
2019-10-24 22:21:57,501 [Worker-44: Importing Maven projects] INFO  o.e.m.j.i.AbstractJavaProjectConfigurator - Adding resource folder /comercial-api/src/main/resources
2019-10-24 22:21:57,502 [Worker-44: Importing Maven projects] INFO  o.e.m.j.i.AbstractJavaProjectConfigurator - Adding source folder /comercial-api/src/test/java
2019-10-24 22:21:57,768 [Worker-44: Importing Maven projects] INFO  o.e.m.c.i.p.ProjectConfigurationManager - Imported and configured 1 project(s) in 15 sec
2019-10-24 22:22:01,920 [Worker-42: Building workspace] INFO  o.e.m.c.i.embedder.EclipseLogger - Using 'UTF-8' encoding to copy filtered resources.
2019-10-24 22:22:01,920 [Worker-42: Building workspace] INFO  o.e.m.c.i.embedder.EclipseLogger - Copying 1 resource
2019-10-24 22:22:01,923 [Worker-42: Building workspace] INFO  o.e.m.c.i.embedder.EclipseLogger - Copying 1 resource
2019-10-24 22:22:01,937 [Worker-42: Building workspace] INFO  o.e.m.c.i.embedder.EclipseLogger - Using 'UTF-8' encoding to copy filtered resources.
2019-10-24 22:22:01,942 [Worker-42: Building workspace] INFO  o.e.m.c.i.embedder.EclipseLogger - skip non existing resourceDirectory C:\SoftwareDevelopment\Treina-WorkspacesEclipse2019-06\01-AngularSpringAlgaWorks\comercial-api\src\test\resources
2019-10-24 22:23:09,120 [Worker-38: Building workspace] INFO  o.e.m.c.i.embedder.EclipseLogger - Using 'UTF-8' encoding to copy filtered resources.
2019-10-24 22:23:09,122 [Worker-38: Building workspace] INFO  o.e.m.c.i.embedder.EclipseLogger - Copying 1 resource
2019-10-24 22:23:09,130 [Worker-38: Building workspace] INFO  o.e.m.c.i.embedder.EclipseLogger - Copying 2 resources
2019-10-24 22:23:09,138 [Worker-38: Building workspace] INFO  o.e.m.c.i.embedder.EclipseLogger - Using 'UTF-8' encoding to copy filtered resources.
2019-10-24 22:23:09,145 [Worker-38: Building workspace] INFO  o.e.m.c.i.embedder.EclipseLogger - skip non existing resourceDirectory C:\SoftwareDevelopment\Treina-WorkspacesEclipse2019-06\05-SpringBoot-WebDiversos\CalendarioEventosManager\src\test\resources
2019-10-24 22:23:28,636 [Worker-44: Launching CalendarioEventosManager - CalendarioEventosManagerApplication] INFO  o.e.m.c.i.embedder.EclipseLogger - Using 'UTF-8' encoding to copy filtered resources.
2019-10-24 22:23:28,646 [Worker-44: Launching CalendarioEventosManager - CalendarioEventosManagerApplication] INFO  o.e.m.c.i.embedder.EclipseLogger - Copying 1 resource
2019-10-24 22:23:28,654 [Worker-44: Launching CalendarioEventosManager - CalendarioEventosManagerApplication] INFO  o.e.m.c.i.embedder.EclipseLogger - Copying 0 resource
2019-10-24 22:23:28,667 [Worker-44: Launching CalendarioEventosManager - CalendarioEventosManagerApplication] INFO  o.e.m.c.i.embedder.EclipseLogger - Using 'UTF-8' encoding to copy filtered resources.
2019-10-24 22:23:28,667 [Worker-44: Launching CalendarioEventosManager - CalendarioEventosManagerApplication] INFO  o.e.m.c.i.embedder.EclipseLogger - skip non existing resourceDirectory C:\SoftwareDevelopment\Treina-WorkspacesEclipse2019-06\05-SpringBoot-WebDiversos\CalendarioEventosManager\src\test\resources
2019-10-24 22:47:14,882 [Worker-45: Building workspace] INFO  o.e.m.c.i.embedder.EclipseLogger - Using 'UTF-8' encoding to copy filtered resources.
2019-10-24 22:47:15,087 [Worker-45: Building workspace] INFO  o.e.m.c.i.embedder.EclipseLogger - Copying 1 resource
2019-10-24 22:47:15,129 [Worker-45: Building workspace] INFO  o.e.m.c.i.embedder.EclipseLogger - Copying 2 resources
2019-10-24 22:47:15,133 [Worker-45: Building workspace] INFO  o.e.m.c.i.embedder.EclipseLogger - Using 'UTF-8' encoding to copy filtered resources.
2019-10-24 22:47:15,133 [Worker-45: Building workspace] INFO  o.e.m.c.i.embedder.EclipseLogger - skip non existing resourceDirectory C:\SoftwareDevelopment\Treina-WorkspacesEclipse2019-06\05-SpringBoot-WebDiversos\CalendarioEventosManager\src\test\resources
2019-10-24 22:47:46,813 [Worker-45: Building workspace] INFO  o.e.m.c.i.embedder.EclipseLogger - Using 'UTF-8' encoding to copy filtered resources.
2019-10-24 22:47:46,814 [Worker-45: Building workspace] INFO  o.e.m.c.i.embedder.EclipseLogger - Copying 1 resource
2019-10-24 22:47:46,819 [Worker-45: Building workspace] INFO  o.e.m.c.i.embedder.EclipseLogger - Copying 2 resources
2019-10-24 22:47:46,954 [Worker-45: Building workspace] INFO  o.e.m.c.i.embedder.EclipseLogger - Using 'UTF-8' encoding to copy filtered resources.
2019-10-24 22:47:46,954 [Worker-45: Building workspace] INFO  o.e.m.c.i.embedder.EclipseLogger - skip non existing resourceDirectory C:\SoftwareDevelopment\Treina-WorkspacesEclipse2019-06\05-SpringBoot-WebDiversos\CalendarioEventosManager\src\test\resources
2019-10-24 22:49:39,271 [Worker-49: Building workspace] INFO  o.e.m.c.i.embedder.EclipseLogger - Using 'UTF-8' encoding to copy filtered resources.
2019-10-24 22:49:39,273 [Worker-49: Building workspace] INFO  o.e.m.c.i.embedder.EclipseLogger - Copying 1 resource
2019-10-24 22:49:39,317 [Worker-49: Building workspace] INFO  o.e.m.c.i.embedder.EclipseLogger - Copying 2 resources
2019-10-24 22:49:39,324 [Worker-49: Building workspace] INFO  o.e.m.c.i.embedder.EclipseLogger - Using 'UTF-8' encoding to copy filtered resources.
2019-10-24 22:49:39,329 [Worker-49: Building workspace] INFO  o.e.m.c.i.embedder.EclipseLogger - skip non existing resourceDirectory C:\SoftwareDevelopment\Treina-WorkspacesEclipse2019-06\05-SpringBoot-WebDiversos\CalendarioEventosManager\src\test\resources
2019-10-24 22:50:26,484 [Worker-49: Building workspace] INFO  o.e.m.c.i.embedder.EclipseLogger - Using 'UTF-8' encoding to copy filtered resources.
2019-10-24 22:50:26,497 [Worker-49: Building workspace] INFO  o.e.m.c.i.embedder.EclipseLogger - Copying 1 resource
2019-10-24 22:50:26,517 [Worker-49: Building workspace] INFO  o.e.m.c.i.embedder.EclipseLogger - Copying 2 resources
2019-10-24 22:50:26,531 [Worker-49: Building workspace] INFO  o.e.m.c.i.embedder.EclipseLogger - Using 'UTF-8' encoding to copy filtered resources.
2019-10-24 22:50:26,531 [Worker-49: Building workspace] INFO  o.e.m.c.i.embedder.EclipseLogger - skip non existing resourceDirectory C:\SoftwareDevelopment\Treina-WorkspacesEclipse2019-06\05-SpringBoot-WebDiversos\CalendarioEventosManager\src\test\resources
2019-10-24 22:51:26,074 [Worker-50: Building workspace] INFO  o.e.m.c.i.embedder.EclipseLogger - Using 'UTF-8' encoding to copy filtered resources.
2019-10-24 22:51:26,077 [Worker-50: Building workspace] INFO  o.e.m.c.i.embedder.EclipseLogger - Copying 1 resource
2019-10-24 22:51:26,083 [Worker-50: Building workspace] INFO  o.e.m.c.i.embedder.EclipseLogger - Copying 2 resources
2019-10-24 22:51:26,089 [Worker-50: Building workspace] INFO  o.e.m.c.i.embedder.EclipseLogger - Using 'UTF-8' encoding to copy filtered resources.
2019-10-24 22:51:26,094 [Worker-50: Building workspace] INFO  o.e.m.c.i.embedder.EclipseLogger - skip non existing resourceDirectory C:\SoftwareDevelopment\Treina-WorkspacesEclipse2019-06\05-SpringBoot-WebDiversos\CalendarioEventosManager\src\test\resources
2019-10-24 22:51:37,946 [Worker-48: Building workspace] INFO  o.e.m.c.i.embedder.EclipseLogger - Using 'UTF-8' encoding to copy filtered resources.
2019-10-24 22:51:37,952 [Worker-48: Building workspace] INFO  o.e.m.c.i.embedder.EclipseLogger - Copying 1 resource
2019-10-24 22:51:37,960 [Worker-48: Building workspace] INFO  o.e.m.c.i.embedder.EclipseLogger - Copying 2 resources
2019-10-24 22:51:37,974 [Worker-48: Building workspace] INFO  o.e.m.c.i.embedder.EclipseLogger - Using 'UTF-8' encoding to copy filtered resources.
2019-10-24 22:51:37,974 [Worker-48: Building workspace] INFO  o.e.m.c.i.embedder.EclipseLogger - skip non existing resourceDirectory C:\SoftwareDevelopment\Treina-WorkspacesEclipse2019-06\05-SpringBoot-WebDiversos\CalendarioEventosManager\src\test\resources
2019-10-24 22:53:25,766 [Worker-45: Building workspace] INFO  o.e.m.c.i.embedder.EclipseLogger - Using 'UTF-8' encoding to copy filtered resources.
2019-10-24 22:53:25,768 [Worker-45: Building workspace] INFO  o.e.m.c.i.embedder.EclipseLogger - Copying 1 resource
2019-10-24 22:53:25,806 [Worker-45: Building workspace] INFO  o.e.m.c.i.embedder.EclipseLogger - Copying 2 resources
2019-10-24 22:53:25,817 [Worker-45: Building workspace] INFO  o.e.m.c.i.embedder.EclipseLogger - Using 'UTF-8' encoding to copy filtered resources.
2019-10-24 22:53:25,825 [Worker-45: Building workspace] INFO  o.e.m.c.i.embedder.EclipseLogger - skip non existing resourceDirectory C:\SoftwareDevelopment\Treina-WorkspacesEclipse2019-06\05-SpringBoot-WebDiversos\CalendarioEventosManager\src\test\resources
2019-10-24 22:53:44,097 [Worker-50: Building workspace] INFO  o.e.m.c.i.embedder.EclipseLogger - Using 'UTF-8' encoding to copy filtered resources.
2019-10-24 22:53:44,123 [Worker-50: Building workspace] INFO  o.e.m.c.i.embedder.EclipseLogger - Copying 1 resource
2019-10-24 22:53:44,149 [Worker-50: Building workspace] INFO  o.e.m.c.i.embedder.EclipseLogger - Copying 2 resources
2019-10-24 22:53:44,159 [Worker-50: Building workspace] INFO  o.e.m.c.i.embedder.EclipseLogger - Using 'UTF-8' encoding to copy filtered resources.
2019-10-24 22:53:44,159 [Worker-50: Building workspace] INFO  o.e.m.c.i.embedder.EclipseLogger - skip non existing resourceDirectory C:\SoftwareDevelopment\Treina-WorkspacesEclipse2019-06\05-SpringBoot-WebDiversos\CalendarioEventosManager\src\test\resources
2019-10-24 22:58:23,929 [Worker-51: Importing Maven projects] INFO  o.e.m.c.i.l.LifecycleMappingFactory - Using org.eclipse.m2e.jdt.JarLifecycleMapping lifecycle mapping for MavenProject: com.amelosbc:reservationdemo:0.0.1-SNAPSHOT @ C:\SoftwareDevelopment\Treina-WorkspacesEclipse2019-06\02-SpringLinkedin\reservationdemo\pom.xml.
2019-10-24 22:58:33,908 [Worker-51: Importing Maven projects] INFO  o.e.m.j.i.AbstractJavaProjectConfigurator - Adding source folder /reservationdemo/src/main/java
2019-10-24 22:58:33,909 [Worker-51: Importing Maven projects] INFO  o.e.m.j.i.AbstractJavaProjectConfigurator - Adding resource folder /reservationdemo/src/main/resources
2019-10-24 22:58:33,909 [Worker-51: Importing Maven projects] INFO  o.e.m.j.i.AbstractJavaProjectConfigurator - Adding resource folder /reservationdemo/src/main/resources
2019-10-24 22:58:33,909 [Worker-51: Importing Maven projects] INFO  o.e.m.j.i.AbstractJavaProjectConfigurator - Adding source folder /reservationdemo/src/test/java
2019-10-24 22:58:34,078 [Worker-51: Importing Maven projects] INFO  o.e.m.c.i.p.ProjectConfigurationManager - Imported and configured 1 project(s) in 12 sec
2019-10-24 22:58:38,033 [Worker-45: Building workspace] INFO  o.e.m.c.i.embedder.EclipseLogger - Using 'UTF-8' encoding to copy filtered resources.
2019-10-24 22:58:38,034 [Worker-45: Building workspace] INFO  o.e.m.c.i.embedder.EclipseLogger - Copying 1 resource
2019-10-24 22:58:38,053 [Worker-45: Building workspace] INFO  o.e.m.c.i.embedder.EclipseLogger - Copying 6 resources
2019-10-24 22:58:38,846 [Worker-45: Building workspace] INFO  o.e.m.c.i.embedder.EclipseLogger - Using 'UTF-8' encoding to copy filtered resources.
2019-10-24 22:58:38,852 [Worker-45: Building workspace] INFO  o.e.m.c.i.embedder.EclipseLogger - skip non existing resourceDirectory C:\SoftwareDevelopment\Treina-WorkspacesEclipse2019-06\02-SpringLinkedin\reservationdemo\src\test\resources
2019-10-24 22:59:22,204 [Worker-51: Building workspace] INFO  o.e.m.c.i.embedder.EclipseLogger - Using 'UTF-8' encoding to copy filtered resources.
2019-10-24 22:59:22,211 [Worker-51: Building workspace] INFO  o.e.m.c.i.embedder.EclipseLogger - Copying 1 resource
2019-10-24 22:59:22,222 [Worker-51: Building workspace] INFO  o.e.m.c.i.embedder.EclipseLogger - Copying 2 resources
2019-10-24 22:59:22,233 [Worker-51: Building workspace] INFO  o.e.m.c.i.embedder.EclipseLogger - Using 'UTF-8' encoding to copy filtered resources.
2019-10-24 22:59:22,233 [Worker-51: Building workspace] INFO  o.e.m.c.i.embedder.EclipseLogger - skip non existing resourceDirectory C:\SoftwareDevelopment\Treina-WorkspacesEclipse2019-06\05-SpringBoot-WebDiversos\CalendarioEventosManager\src\test\resources
2019-10-24 23:00:31,455 [Worker-45: Building workspace] INFO  o.e.m.c.i.embedder.EclipseLogger - Using 'UTF-8' encoding to copy filtered resources.
2019-10-24 23:00:31,456 [Worker-45: Building workspace] INFO  o.e.m.c.i.embedder.EclipseLogger - Copying 1 resource
2019-10-24 23:00:31,463 [Worker-45: Building workspace] INFO  o.e.m.c.i.embedder.EclipseLogger - Copying 2 resources
2019-10-24 23:00:31,465 [Worker-45: Building workspace] INFO  o.e.m.c.i.embedder.EclipseLogger - Using 'UTF-8' encoding to copy filtered resources.
2019-10-24 23:00:31,466 [Worker-45: Building workspace] INFO  o.e.m.c.i.embedder.EclipseLogger - skip non existing resourceDirectory C:\SoftwareDevelopment\Treina-WorkspacesEclipse2019-06\05-SpringBoot-WebDiversos\CalendarioEventosManager\src\test\resources
2019-10-24 23:16:33,659 [Worker-45: Building workspace] INFO  o.e.m.c.i.embedder.EclipseLogger - Using 'UTF-8' encoding to copy filtered resources.
2019-10-24 23:16:33,660 [Worker-45: Building workspace] INFO  o.e.m.c.i.embedder.EclipseLogger - Copying 1 resource
2019-10-24 23:16:33,666 [Worker-45: Building workspace] INFO  o.e.m.c.i.embedder.EclipseLogger - Copying 0 resource
2019-10-24 23:16:33,695 [Worker-45: Building workspace] INFO  o.e.m.c.i.embedder.EclipseLogger - Using 'UTF-8' encoding to copy filtered resources.
2019-10-24 23:16:33,695 [Worker-45: Building workspace] INFO  o.e.m.c.i.embedder.EclipseLogger - skip non existing resourceDirectory C:\SoftwareDevelopment\Treina-WorkspacesEclipse2019-06\01-AngularSpringAlgaWorks\comercial-api\src\test\resources
2019-10-24 23:18:44,243 [Worker-45: Building workspace] INFO  o.e.m.c.i.embedder.EclipseLogger - Using 'UTF-8' encoding to copy filtered resources.
2019-10-24 23:18:44,243 [Worker-45: Building workspace] INFO  o.e.m.c.i.embedder.EclipseLogger - Copying 1 resource
2019-10-24 23:18:44,268 [Worker-45: Building workspace] INFO  o.e.m.c.i.embedder.EclipseLogger - Copying 0 resource
2019-10-24 23:18:44,281 [Worker-45: Building workspace] INFO  o.e.m.c.i.embedder.EclipseLogger - Using 'UTF-8' encoding to copy filtered resources.
2019-10-24 23:18:44,288 [Worker-45: Building workspace] INFO  o.e.m.c.i.embedder.EclipseLogger - skip non existing resourceDirectory C:\SoftwareDevelopment\Treina-WorkspacesEclipse2019-06\01-AngularSpringAlgaWorks\comercial-api\src\test\resources
2019-10-24 23:19:01,018 [Worker-45: Launching CalendarioEventosManager - CalendarioEventosManagerApplication] INFO  o.e.m.c.i.embedder.EclipseLogger - Using 'UTF-8' encoding to copy filtered resources.
2019-10-24 23:19:01,029 [Worker-45: Launching CalendarioEventosManager - CalendarioEventosManagerApplication] INFO  o.e.m.c.i.embedder.EclipseLogger - Copying 1 resource
2019-10-24 23:19:01,040 [Worker-45: Launching CalendarioEventosManager - CalendarioEventosManagerApplication] INFO  o.e.m.c.i.embedder.EclipseLogger - Copying 0 resource
2019-10-24 23:19:01,753 [Worker-45: Launching CalendarioEventosManager - CalendarioEventosManagerApplication] INFO  o.e.m.c.i.embedder.EclipseLogger - Using 'UTF-8' encoding to copy filtered resources.
2019-10-24 23:19:01,753 [Worker-45: Launching CalendarioEventosManager - CalendarioEventosManagerApplication] INFO  o.e.m.c.i.embedder.EclipseLogger - skip non existing resourceDirectory C:\SoftwareDevelopment\Treina-WorkspacesEclipse2019-06\05-SpringBoot-WebDiversos\CalendarioEventosManager\src\test\resources
2019-10-24 23:19:23,127 [Worker-45: Building workspace] INFO  o.e.m.c.i.embedder.EclipseLogger - Using 'UTF-8' encoding to copy filtered resources.
2019-10-24 23:19:23,127 [Worker-45: Building workspace] INFO  o.e.m.c.i.embedder.EclipseLogger - Copying 1 resource
2019-10-24 23:19:23,130 [Worker-45: Building workspace] INFO  o.e.m.c.i.embedder.EclipseLogger - Copying 0 resource
2019-10-24 23:19:23,131 [Worker-45: Building workspace] INFO  o.e.m.c.i.embedder.EclipseLogger - Using 'UTF-8' encoding to copy filtered resources.
2019-10-24 23:19:23,137 [Worker-45: Building workspace] INFO  o.e.m.c.i.embedder.EclipseLogger - skip non existing resourceDirectory C:\SoftwareDevelopment\Treina-WorkspacesEclipse2019-06\05-SpringBoot-WebDiversos\CalendarioEventosManager\src\test\resources
2019-10-24 23:19:30,530 [Worker-58: Building workspace] INFO  o.e.m.c.i.embedder.EclipseLogger - Using 'UTF-8' encoding to copy filtered resources.
2019-10-24 23:19:30,537 [Worker-58: Building workspace] INFO  o.e.m.c.i.embedder.EclipseLogger - Copying 1 resource
2019-10-24 23:19:30,545 [Worker-58: Building workspace] INFO  o.e.m.c.i.embedder.EclipseLogger - Copying 0 resource
2019-10-24 23:19:30,551 [Worker-58: Building workspace] INFO  o.e.m.c.i.embedder.EclipseLogger - Using 'UTF-8' encoding to copy filtered resources.
2019-10-24 23:19:30,551 [Worker-58: Building workspace] INFO  o.e.m.c.i.embedder.EclipseLogger - skip non existing resourceDirectory C:\SoftwareDevelopment\Treina-WorkspacesEclipse2019-06\05-SpringBoot-WebDiversos\CalendarioEventosManager\src\test\resources
2019-10-24 23:32:34,582 [Worker-57: Building workspace] INFO  o.e.m.c.i.embedder.EclipseLogger - Using 'UTF-8' encoding to copy filtered resources.
2019-10-24 23:32:34,583 [Worker-57: Building workspace] INFO  o.e.m.c.i.embedder.EclipseLogger - Copying 0 resource
2019-10-24 23:32:34,609 [Worker-57: Building workspace] INFO  o.e.m.c.i.embedder.EclipseLogger - Copying 1 resource
2019-10-24 23:32:34,620 [Worker-57: Building workspace] INFO  o.e.m.c.i.embedder.EclipseLogger - Using 'UTF-8' encoding to copy filtered resources.
2019-10-24 23:32:34,626 [Worker-57: Building workspace] INFO  o.e.m.c.i.embedder.EclipseLogger - skip non existing resourceDirectory C:\SoftwareDevelopment\Treina-WorkspacesEclipse2019-06\05-SpringBoot-WebDiversos\CalendarioEventosManager\src\test\resources
2019-10-24 23:33:22,051 [Worker-60: Building workspace] INFO  o.e.m.c.i.embedder.EclipseLogger - Using 'UTF-8' encoding to copy filtered resources.
2019-10-24 23:33:22,059 [Worker-60: Building workspace] INFO  o.e.m.c.i.embedder.EclipseLogger - Copying 1 resource
2019-10-24 23:33:22,135 [Worker-60: Building workspace] INFO  o.e.m.c.i.embedder.EclipseLogger - Copying 0 resource
2019-10-24 23:33:22,149 [Worker-60: Building workspace] INFO  o.e.m.c.i.embedder.EclipseLogger - Using 'UTF-8' encoding to copy filtered resources.
2019-10-24 23:33:22,149 [Worker-60: Building workspace] INFO  o.e.m.c.i.embedder.EclipseLogger - skip non existing resourceDirectory C:\SoftwareDevelopment\Treina-WorkspacesEclipse2019-06\05-SpringBoot-WebDiversos\CalendarioEventosManager\src\test\resources
2019-10-24 23:38:49,026 [Worker-63: Building workspace] INFO  o.e.m.c.i.embedder.EclipseLogger - Using 'UTF-8' encoding to copy filtered resources.
2019-10-24 23:38:49,027 [Worker-63: Building workspace] INFO  o.e.m.c.i.embedder.EclipseLogger - Copying 0 resource
2019-10-24 23:38:49,027 [Worker-63: Building workspace] INFO  o.e.m.c.i.embedder.EclipseLogger - Copying 1 resource
2019-10-24 23:38:49,040 [Worker-63: Building workspace] INFO  o.e.m.c.i.embedder.EclipseLogger - Using 'UTF-8' encoding to copy filtered resources.
2019-10-24 23:38:49,040 [Worker-63: Building workspace] INFO  o.e.m.c.i.embedder.EclipseLogger - skip non existing resourceDirectory C:\SoftwareDevelopment\Treina-WorkspacesEclipse2019-06\05-SpringBoot-WebDiversos\CalendarioEventosManager\src\test\resources
2019-10-24 23:38:54,863 [Worker-58: Building workspace] INFO  o.e.m.c.i.embedder.EclipseLogger - Using 'UTF-8' encoding to copy filtered resources.
2019-10-24 23:38:54,864 [Worker-58: Building workspace] INFO  o.e.m.c.i.embedder.EclipseLogger - Copying 1 resource
2019-10-24 23:38:54,868 [Worker-58: Building workspace] INFO  o.e.m.c.i.embedder.EclipseLogger - Copying 2 resources
2019-10-24 23:38:54,894 [Worker-58: Building workspace] INFO  o.e.m.c.i.embedder.EclipseLogger - Using 'UTF-8' encoding to copy filtered resources.
2019-10-24 23:38:54,894 [Worker-58: Building workspace] INFO  o.e.m.c.i.embedder.EclipseLogger - skip non existing resourceDirectory C:\SoftwareDevelopment\Treina-WorkspacesEclipse2019-06\05-SpringBoot-WebDiversos\CalendarioEventosManager\src\test\resources
2019-10-24 23:39:02,544 [Worker-58: Building workspace] INFO  o.e.m.c.i.embedder.EclipseLogger - Using 'UTF-8' encoding to copy filtered resources.
2019-10-24 23:39:02,546 [Worker-58: Building workspace] INFO  o.e.m.c.i.embedder.EclipseLogger - Copying 1 resource
2019-10-24 23:39:02,560 [Worker-58: Building workspace] INFO  o.e.m.c.i.embedder.EclipseLogger - Copying 2 resources
2019-10-24 23:39:02,577 [Worker-58: Building workspace] INFO  o.e.m.c.i.embedder.EclipseLogger - Using 'UTF-8' encoding to copy filtered resources.
2019-10-24 23:39:02,612 [Worker-58: Building workspace] INFO  o.e.m.c.i.embedder.EclipseLogger - skip non existing resourceDirectory C:\SoftwareDevelopment\Treina-WorkspacesEclipse2019-06\05-SpringBoot-WebDiversos\CalendarioEventosManager\src\test\resources
2019-10-24 23:39:50,088 [Worker-57: Building workspace] INFO  o.e.m.c.i.embedder.EclipseLogger - Using 'UTF-8' encoding to copy filtered resources.
2019-10-24 23:39:50,096 [Worker-57: Building workspace] INFO  o.e.m.c.i.embedder.EclipseLogger - Copying 1 resource
2019-10-24 23:39:50,107 [Worker-57: Building workspace] INFO  o.e.m.c.i.embedder.EclipseLogger - Copying 2 resources
2019-10-24 23:39:50,124 [Worker-57: Building workspace] INFO  o.e.m.c.i.embedder.EclipseLogger - Using 'UTF-8' encoding to copy filtered resources.
2019-10-24 23:39:50,124 [Worker-57: Building workspace] INFO  o.e.m.c.i.embedder.EclipseLogger - skip non existing resourceDirectory C:\SoftwareDevelopment\Treina-WorkspacesEclipse2019-06\05-SpringBoot-WebDiversos\CalendarioEventosManager\src\test\resources
2019-10-24 23:39:56,889 [Worker-63: Building workspace] INFO  o.e.m.c.i.embedder.EclipseLogger - Using 'UTF-8' encoding to copy filtered resources.
2019-10-24 23:39:56,890 [Worker-63: Building workspace] INFO  o.e.m.c.i.embedder.EclipseLogger - Copying 1 resource
2019-10-24 23:39:56,897 [Worker-63: Building workspace] INFO  o.e.m.c.i.embedder.EclipseLogger - Copying 2 resources
2019-10-24 23:39:56,900 [Worker-63: Building workspace] INFO  o.e.m.c.i.embedder.EclipseLogger - Using 'UTF-8' encoding to copy filtered resources.
2019-10-24 23:39:56,914 [Worker-63: Building workspace] INFO  o.e.m.c.i.embedder.EclipseLogger - skip non existing resourceDirectory C:\SoftwareDevelopment\Treina-WorkspacesEclipse2019-06\05-SpringBoot-WebDiversos\CalendarioEventosManager\src\test\resources
2019-10-24 23:41:26,240 [Worker-57: Building workspace] INFO  o.e.m.c.i.embedder.EclipseLogger - Using 'UTF-8' encoding to copy filtered resources.
2019-10-24 23:41:26,259 [Worker-57: Building workspace] INFO  o.e.m.c.i.embedder.EclipseLogger - Copying 1 resource
2019-10-24 23:41:26,273 [Worker-57: Building workspace] INFO  o.e.m.c.i.embedder.EclipseLogger - Copying 0 resource
2019-10-24 23:41:26,284 [Worker-57: Building workspace] INFO  o.e.m.c.i.embedder.EclipseLogger - Using 'UTF-8' encoding to copy filtered resources.
2019-10-24 23:41:26,285 [Worker-57: Building workspace] INFO  o.e.m.c.i.embedder.EclipseLogger - skip non existing resourceDirectory C:\SoftwareDevelopment\Treina-WorkspacesEclipse2019-06\05-SpringBoot-WebDiversos\CalendarioEventosManager\src\test\resources
2019-10-24 23:43:32,848 [Worker-57: Building workspace] INFO  o.e.m.c.i.embedder.EclipseLogger - Using 'UTF-8' encoding to copy filtered resources.
2019-10-24 23:43:32,849 [Worker-57: Building workspace] INFO  o.e.m.c.i.embedder.EclipseLogger - Copying 0 resource
2019-10-24 23:43:32,879 [Worker-57: Building workspace] INFO  o.e.m.c.i.embedder.EclipseLogger - Copying 1 resource
2019-10-24 23:43:32,892 [Worker-57: Building workspace] INFO  o.e.m.c.i.embedder.EclipseLogger - Using 'UTF-8' encoding to copy filtered resources.
2019-10-24 23:43:32,899 [Worker-57: Building workspace] INFO  o.e.m.c.i.embedder.EclipseLogger - skip non existing resourceDirectory C:\SoftwareDevelopment\Treina-WorkspacesEclipse2019-06\05-SpringBoot-WebDiversos\CalendarioEventosManager\src\test\resources
2019-10-24 23:44:29,562 [Worker-58: Building workspace] INFO  o.e.m.c.i.embedder.EclipseLogger - Using 'UTF-8' encoding to copy filtered resources.
2019-10-24 23:44:29,633 [Worker-58: Building workspace] INFO  o.e.m.c.i.embedder.EclipseLogger - Copying 0 resource
2019-10-24 23:44:29,642 [Worker-58: Building workspace] INFO  o.e.m.c.i.embedder.EclipseLogger - Copying 1 resource
2019-10-24 23:44:29,654 [Worker-58: Building workspace] INFO  o.e.m.c.i.embedder.EclipseLogger - Using 'UTF-8' encoding to copy filtered resources.
2019-10-24 23:44:29,654 [Worker-58: Building workspace] INFO  o.e.m.c.i.embedder.EclipseLogger - skip non existing resourceDirectory C:\SoftwareDevelopment\Treina-WorkspacesEclipse2019-06\05-SpringBoot-WebDiversos\CalendarioEventosManager\src\test\resources
2019-10-24 23:46:40,196 [Worker-64: Building workspace] INFO  o.e.m.c.i.embedder.EclipseLogger - Using 'UTF-8' encoding to copy filtered resources.
2019-10-24 23:46:40,197 [Worker-64: Building workspace] INFO  o.e.m.c.i.embedder.EclipseLogger - Copying 0 resource
2019-10-24 23:46:40,197 [Worker-64: Building workspace] INFO  o.e.m.c.i.embedder.EclipseLogger - Copying 1 resource
2019-10-24 23:46:40,209 [Worker-64: Building workspace] INFO  o.e.m.c.i.embedder.EclipseLogger - Using 'UTF-8' encoding to copy filtered resources.
2019-10-24 23:46:40,210 [Worker-64: Building workspace] INFO  o.e.m.c.i.embedder.EclipseLogger - skip non existing resourceDirectory C:\SoftwareDevelopment\Treina-WorkspacesEclipse2019-06\05-SpringBoot-WebDiversos\CalendarioEventosManager\src\test\resources
2019-10-24 23:47:41,330 [Worker-65: Building workspace] INFO  o.e.m.c.i.embedder.EclipseLogger - Using 'UTF-8' encoding to copy filtered resources.
2019-10-24 23:47:41,331 [Worker-65: Building workspace] INFO  o.e.m.c.i.embedder.EclipseLogger - Copying 0 resource
2019-10-24 23:47:41,331 [Worker-65: Building workspace] INFO  o.e.m.c.i.embedder.EclipseLogger - Copying 1 resource
2019-10-24 23:47:41,352 [Worker-65: Building workspace] INFO  o.e.m.c.i.embedder.EclipseLogger - Using 'UTF-8' encoding to copy filtered resources.
2019-10-24 23:47:41,352 [Worker-65: Building workspace] INFO  o.e.m.c.i.embedder.EclipseLogger - skip non existing resourceDirectory C:\SoftwareDevelopment\Treina-WorkspacesEclipse2019-06\05-SpringBoot-WebDiversos\CalendarioEventosManager\src\test\resources
2019-10-24 23:49:32,956 [Worker-60: Building workspace] INFO  o.e.m.c.i.embedder.EclipseLogger - Using 'UTF-8' encoding to copy filtered resources.
2019-10-24 23:49:32,957 [Worker-60: Building workspace] INFO  o.e.m.c.i.embedder.EclipseLogger - Copying 1 resource
2019-10-24 23:49:33,021 [Worker-60: Building workspace] INFO  o.e.m.c.i.embedder.EclipseLogger - Copying 2 resources
2019-10-24 23:49:33,028 [Worker-60: Building workspace] INFO  o.e.m.c.i.embedder.EclipseLogger - Using 'UTF-8' encoding to copy filtered resources.
2019-10-24 23:49:33,037 [Worker-60: Building workspace] INFO  o.e.m.c.i.embedder.EclipseLogger - skip non existing resourceDirectory C:\SoftwareDevelopment\Treina-WorkspacesEclipse2019-06\05-SpringBoot-WebDiversos\CalendarioEventosManager\src\test\resources
2019-10-24 23:53:50,171 [Worker-60: Building workspace] INFO  o.e.m.c.i.embedder.EclipseLogger - Using 'UTF-8' encoding to copy filtered resources.
2019-10-24 23:53:50,186 [Worker-60: Building workspace] INFO  o.e.m.c.i.embedder.EclipseLogger - Copying 0 resource
2019-10-24 23:53:50,196 [Worker-60: Building workspace] INFO  o.e.m.c.i.embedder.EclipseLogger - Copying 1 resource
2019-10-24 23:53:50,213 [Worker-60: Building workspace] INFO  o.e.m.c.i.embedder.EclipseLogger - Using 'UTF-8' encoding to copy filtered resources.
2019-10-24 23:53:50,214 [Worker-60: Building workspace] INFO  o.e.m.c.i.embedder.EclipseLogger - skip non existing resourceDirectory C:\SoftwareDevelopment\Treina-WorkspacesEclipse2019-06\05-SpringBoot-WebDiversos\CalendarioEventosManager\src\test\resources
2019-10-24 23:55:21,854 [Worker-61: Building workspace] INFO  o.e.m.c.i.embedder.EclipseLogger - Using 'UTF-8' encoding to copy filtered resources.
2019-10-24 23:55:21,854 [Worker-61: Building workspace] INFO  o.e.m.c.i.embedder.EclipseLogger - Copying 0 resource
2019-10-24 23:55:21,856 [Worker-61: Building workspace] INFO  o.e.m.c.i.embedder.EclipseLogger - Copying 1 resource
2019-10-24 23:55:21,862 [Worker-61: Building workspace] INFO  o.e.m.c.i.embedder.EclipseLogger - Using 'UTF-8' encoding to copy filtered resources.
2019-10-24 23:55:21,868 [Worker-61: Building workspace] INFO  o.e.m.c.i.embedder.EclipseLogger - skip non existing resourceDirectory C:\SoftwareDevelopment\Treina-WorkspacesEclipse2019-06\05-SpringBoot-WebDiversos\CalendarioEventosManager\src\test\resources
2019-10-24 23:56:32,792 [Worker-60: Building workspace] INFO  o.e.m.c.i.embedder.EclipseLogger - Using 'UTF-8' encoding to copy filtered resources.
2019-10-24 23:56:32,803 [Worker-60: Building workspace] INFO  o.e.m.c.i.embedder.EclipseLogger - Copying 0 resource
2019-10-24 23:56:32,809 [Worker-60: Building workspace] INFO  o.e.m.c.i.embedder.EclipseLogger - Copying 1 resource
2019-10-24 23:56:32,823 [Worker-60: Building workspace] INFO  o.e.m.c.i.embedder.EclipseLogger - Using 'UTF-8' encoding to copy filtered resources.
2019-10-24 23:56:32,823 [Worker-60: Building workspace] INFO  o.e.m.c.i.embedder.EclipseLogger - skip non existing resourceDirectory C:\SoftwareDevelopment\Treina-WorkspacesEclipse2019-06\05-SpringBoot-WebDiversos\CalendarioEventosManager\src\test\resources
2019-10-24 23:57:00,247 [Worker-62: Building workspace] INFO  o.e.m.c.i.embedder.EclipseLogger - Using 'UTF-8' encoding to copy filtered resources.
2019-10-24 23:57:00,247 [Worker-62: Building workspace] INFO  o.e.m.c.i.embedder.EclipseLogger - Copying 0 resource
2019-10-24 23:57:00,254 [Worker-62: Building workspace] INFO  o.e.m.c.i.embedder.EclipseLogger - Copying 1 resource
2019-10-24 23:57:00,270 [Worker-62: Building workspace] INFO  o.e.m.c.i.embedder.EclipseLogger - Using 'UTF-8' encoding to copy filtered resources.
2019-10-24 23:57:00,276 [Worker-62: Building workspace] INFO  o.e.m.c.i.embedder.EclipseLogger - skip non existing resourceDirectory C:\SoftwareDevelopment\Treina-WorkspacesEclipse2019-06\05-SpringBoot-WebDiversos\CalendarioEventosManager\src\test\resources
2019-10-24 23:57:27,672 [Worker-57: Building workspace] INFO  o.e.m.c.i.embedder.EclipseLogger - Using 'UTF-8' encoding to copy filtered resources.
2019-10-24 23:57:27,684 [Worker-57: Building workspace] INFO  o.e.m.c.i.embedder.EclipseLogger - Copying 0 resource
2019-10-24 23:57:27,689 [Worker-57: Building workspace] INFO  o.e.m.c.i.embedder.EclipseLogger - Copying 1 resource
2019-10-24 23:57:27,699 [Worker-57: Building workspace] INFO  o.e.m.c.i.embedder.EclipseLogger - Using 'UTF-8' encoding to copy filtered resources.
2019-10-24 23:57:27,699 [Worker-57: Building workspace] INFO  o.e.m.c.i.embedder.EclipseLogger - skip non existing resourceDirectory C:\SoftwareDevelopment\Treina-WorkspacesEclipse2019-06\05-SpringBoot-WebDiversos\CalendarioEventosManager\src\test\resources
2019-10-25 00:29:45,203 [Worker-66: Building workspace] INFO  o.e.m.c.i.embedder.EclipseLogger - Using 'UTF-8' encoding to copy filtered resources.
2019-10-25 00:29:45,205 [Worker-66: Building workspace] INFO  o.e.m.c.i.embedder.EclipseLogger - Copying 0 resource
2019-10-25 00:29:45,206 [Worker-66: Building workspace] INFO  o.e.m.c.i.embedder.EclipseLogger - Copying 6 resources
2019-10-25 00:29:45,419 [Worker-66: Building workspace] INFO  o.e.m.c.i.embedder.EclipseLogger - Using 'UTF-8' encoding to copy filtered resources.
2019-10-25 00:29:45,419 [Worker-66: Building workspace] INFO  o.e.m.c.i.embedder.EclipseLogger - skip non existing resourceDirectory C:\SoftwareDevelopment\Treina-WorkspacesEclipse2019-06\05-SpringBoot-WebDiversos\CalendarioEventosManager\src\test\resources
2019-10-25 00:41:02,688 [Worker-57: Building workspace] INFO  o.e.m.c.i.embedder.EclipseLogger - Using 'UTF-8' encoding to copy filtered resources.
2019-10-25 00:41:02,688 [Worker-57: Building workspace] INFO  o.e.m.c.i.embedder.EclipseLogger - Copying 0 resource
2019-10-25 00:41:02,689 [Worker-57: Building workspace] INFO  o.e.m.c.i.embedder.EclipseLogger - Copying 1 resource
2019-10-25 00:41:02,722 [Worker-57: Building workspace] INFO  o.e.m.c.i.embedder.EclipseLogger - Using 'UTF-8' encoding to copy filtered resources.
2019-10-25 00:41:02,722 [Worker-57: Building workspace] INFO  o.e.m.c.i.embedder.EclipseLogger - skip non existing resourceDirectory C:\SoftwareDevelopment\Treina-WorkspacesEclipse2019-06\05-SpringBoot-WebDiversos\CalendarioEventosManager\src\test\resources
